::1 - - [28/Sep/2018:04:36:53 +0000] "OPTIONS /api/departments/list_dept HTTP/1.1" 204 0 "-" "Mozilla/5.0 (Windows NT 10.0; Win64; x64) AppleWebKit/537.36 (KHTML, like Gecko) Chrome/69.0.3497.100 Safari/537.36"
::1 - - [28/Sep/2018:04:36:53 +0000] "GET /api/departments/list_dept HTTP/1.1" 200 1349 "http://localhost:4200/departments" "Mozilla/5.0 (Windows NT 10.0; Win64; x64) AppleWebKit/537.36 (KHTML, like Gecko) Chrome/69.0.3497.100 Safari/537.36"
::1 - - [28/Sep/2018:05:00:20 +0000] "OPTIONS /api/departments/list_dept HTTP/1.1" 204 0 "-" "Mozilla/5.0 (Windows NT 10.0; Win64; x64) AppleWebKit/537.36 (KHTML, like Gecko) Chrome/69.0.3497.100 Safari/537.36"
::1 - - [28/Sep/2018:05:00:20 +0000] "GET /api/departments/list_dept HTTP/1.1" 500 2010 "http://localhost:4200/departments" "Mozilla/5.0 (Windows NT 10.0; Win64; x64) AppleWebKit/537.36 (KHTML, like Gecko) Chrome/69.0.3497.100 Safari/537.36"
::1 - - [28/Sep/2018:05:02:46 +0000] "OPTIONS /api/departments/list_dept HTTP/1.1" 204 0 "-" "Mozilla/5.0 (Windows NT 10.0; Win64; x64) AppleWebKit/537.36 (KHTML, like Gecko) Chrome/69.0.3497.100 Safari/537.36"
::1 - - [28/Sep/2018:05:02:46 +0000] "GET /api/departments/list_dept HTTP/1.1" 500 2010 "http://localhost:4200/departments" "Mozilla/5.0 (Windows NT 10.0; Win64; x64) AppleWebKit/537.36 (KHTML, like Gecko) Chrome/69.0.3497.100 Safari/537.36"
::1 - - [28/Sep/2018:05:03:56 +0000] "OPTIONS /api/departments/list_dept HTTP/1.1" 204 0 "-" "Mozilla/5.0 (Windows NT 10.0; Win64; x64) AppleWebKit/537.36 (KHTML, like Gecko) Chrome/69.0.3497.100 Safari/537.36"
::1 - - [28/Sep/2018:05:03:57 +0000] "GET /api/departments/list_dept HTTP/1.1" 404 164 "http://localhost:4200/departments" "Mozilla/5.0 (Windows NT 10.0; Win64; x64) AppleWebKit/537.36 (KHTML, like Gecko) Chrome/69.0.3497.100 Safari/537.36"
::1 - - [28/Sep/2018:05:04:41 +0000] "OPTIONS /api/departments/list_dept HTTP/1.1" 204 0 "-" "Mozilla/5.0 (Windows NT 10.0; Win64; x64) AppleWebKit/537.36 (KHTML, like Gecko) Chrome/69.0.3497.100 Safari/537.36"
::1 - - [28/Sep/2018:05:04:42 +0000] "GET /api/departments/list_dept HTTP/1.1" 404 164 "http://localhost:4200/departments" "Mozilla/5.0 (Windows NT 10.0; Win64; x64) AppleWebKit/537.36 (KHTML, like Gecko) Chrome/69.0.3497.100 Safari/537.36"
::1 - - [28/Sep/2018:05:13:05 +0000] "OPTIONS /api/departments/get_dept_id HTTP/1.1" 204 0 "-" "Mozilla/5.0 (Windows NT 10.0; Win64; x64) AppleWebKit/537.36 (KHTML, like Gecko) Chrome/69.0.3497.100 Safari/537.36"
::1 - - [28/Sep/2018:05:13:05 +0000] "GET /api/departments/get_dept_id HTTP/1.1" 200 26 "http://localhost:4200/departments/add" "Mozilla/5.0 (Windows NT 10.0; Win64; x64) AppleWebKit/537.36 (KHTML, like Gecko) Chrome/69.0.3497.100 Safari/537.36"
::1 - - [28/Sep/2018:05:13:07 +0000] "OPTIONS /api/departments/list_dept HTTP/1.1" 204 0 "-" "Mozilla/5.0 (Windows NT 10.0; Win64; x64) AppleWebKit/537.36 (KHTML, like Gecko) Chrome/69.0.3497.100 Safari/537.36"
::1 - - [28/Sep/2018:05:13:07 +0000] "GET /api/departments/list_dept HTTP/1.1" 404 164 "http://localhost:4200/departments" "Mozilla/5.0 (Windows NT 10.0; Win64; x64) AppleWebKit/537.36 (KHTML, like Gecko) Chrome/69.0.3497.100 Safari/537.36"
::1 - - [28/Sep/2018:05:23:17 +0000] "OPTIONS /api/departments/list_dept HTTP/1.1" 204 0 "-" "Mozilla/5.0 (Windows NT 10.0; Win64; x64) AppleWebKit/537.36 (KHTML, like Gecko) Chrome/69.0.3497.100 Safari/537.36"
::1 - - [28/Sep/2018:05:23:17 +0000] "GET /api/departments/list_dept HTTP/1.1" 404 164 "http://localhost:4200/departments" "Mozilla/5.0 (Windows NT 10.0; Win64; x64) AppleWebKit/537.36 (KHTML, like Gecko) Chrome/69.0.3497.100 Safari/537.36"
::1 - - [28/Sep/2018:05:24:36 +0000] "OPTIONS /api/departments/list_dept HTTP/1.1" 204 0 "-" "Mozilla/5.0 (Windows NT 10.0; Win64; x64) AppleWebKit/537.36 (KHTML, like Gecko) Chrome/69.0.3497.100 Safari/537.36"
::1 - - [28/Sep/2018:05:24:36 +0000] "GET /api/departments/list_dept HTTP/1.1" 404 164 "http://localhost:4200/departments" "Mozilla/5.0 (Windows NT 10.0; Win64; x64) AppleWebKit/537.36 (KHTML, like Gecko) Chrome/69.0.3497.100 Safari/537.36"
::1 - - [28/Sep/2018:05:25:31 +0000] "OPTIONS /api/departments/list_dept HTTP/1.1" 204 0 "-" "Mozilla/5.0 (Windows NT 10.0; Win64; x64) AppleWebKit/537.36 (KHTML, like Gecko) Chrome/69.0.3497.100 Safari/537.36"
::1 - - [28/Sep/2018:05:25:32 +0000] "GET /api/departments/list_dept HTTP/1.1" 200 1349 "http://localhost:4200/departments" "Mozilla/5.0 (Windows NT 10.0; Win64; x64) AppleWebKit/537.36 (KHTML, like Gecko) Chrome/69.0.3497.100 Safari/537.36"
::1 - - [28/Sep/2018:05:32:22 +0000] "OPTIONS /api/departments/list_dept HTTP/1.1" 204 0 "-" "Mozilla/5.0 (Windows NT 10.0; Win64; x64) AppleWebKit/537.36 (KHTML, like Gecko) Chrome/69.0.3497.100 Safari/537.36"
::1 - - [28/Sep/2018:05:32:22 +0000] "GET /api/departments/list_dept HTTP/1.1" 404 2010 "http://localhost:4200/departments" "Mozilla/5.0 (Windows NT 10.0; Win64; x64) AppleWebKit/537.36 (KHTML, like Gecko) Chrome/69.0.3497.100 Safari/537.36"
::1 - - [28/Sep/2018:05:34:59 +0000] "OPTIONS /api/departments/list_dept HTTP/1.1" 204 0 "-" "Mozilla/5.0 (Windows NT 10.0; Win64; x64) AppleWebKit/537.36 (KHTML, like Gecko) Chrome/69.0.3497.100 Safari/537.36"
::1 - - [28/Sep/2018:05:34:59 +0000] "GET /api/departments/list_dept HTTP/1.1" 404 2010 "http://localhost:4200/departments" "Mozilla/5.0 (Windows NT 10.0; Win64; x64) AppleWebKit/537.36 (KHTML, like Gecko) Chrome/69.0.3497.100 Safari/537.36"
::1 - - [28/Sep/2018:05:37:30 +0000] "OPTIONS /api/departments/list_dept HTTP/1.1" 204 0 "-" "Mozilla/5.0 (Windows NT 10.0; Win64; x64) AppleWebKit/537.36 (KHTML, like Gecko) Chrome/69.0.3497.100 Safari/537.36"
::1 - - [28/Sep/2018:05:37:30 +0000] "GET /api/departments/list_dept HTTP/1.1" 404 164 "http://localhost:4200/departments" "Mozilla/5.0 (Windows NT 10.0; Win64; x64) AppleWebKit/537.36 (KHTML, like Gecko) Chrome/69.0.3497.100 Safari/537.36"
::1 - - [28/Sep/2018:05:38:09 +0000] "OPTIONS /api/departments/list_dept HTTP/1.1" 204 0 "-" "Mozilla/5.0 (Windows NT 10.0; Win64; x64) AppleWebKit/537.36 (KHTML, like Gecko) Chrome/69.0.3497.100 Safari/537.36"
::1 - - [28/Sep/2018:05:38:09 +0000] "GET /api/departments/list_dept HTTP/1.1" 404 2010 "http://localhost:4200/departments" "Mozilla/5.0 (Windows NT 10.0; Win64; x64) AppleWebKit/537.36 (KHTML, like Gecko) Chrome/69.0.3497.100 Safari/537.36"
::1 - - [28/Sep/2018:05:38:55 +0000] "OPTIONS /api/departments/list_dept HTTP/1.1" 204 0 "-" "Mozilla/5.0 (Windows NT 10.0; Win64; x64) AppleWebKit/537.36 (KHTML, like Gecko) Chrome/69.0.3497.100 Safari/537.36"
::1 - - [28/Sep/2018:05:38:56 +0000] "GET /api/departments/list_dept HTTP/1.1" 404 2010 "http://localhost:4200/departments" "Mozilla/5.0 (Windows NT 10.0; Win64; x64) AppleWebKit/537.36 (KHTML, like Gecko) Chrome/69.0.3497.100 Safari/537.36"
::1 - - [28/Sep/2018:05:40:17 +0000] "OPTIONS /api/departments/list_dept HTTP/1.1" 204 0 "-" "Mozilla/5.0 (Windows NT 10.0; Win64; x64) AppleWebKit/537.36 (KHTML, like Gecko) Chrome/69.0.3497.100 Safari/537.36"
::1 - - [28/Sep/2018:05:40:17 +0000] "GET /api/departments/list_dept HTTP/1.1" 404 2010 "http://localhost:4200/departments" "Mozilla/5.0 (Windows NT 10.0; Win64; x64) AppleWebKit/537.36 (KHTML, like Gecko) Chrome/69.0.3497.100 Safari/537.36"
::1 - - [28/Sep/2018:05:41:27 +0000] "OPTIONS /api/departments/list_dept HTTP/1.1" 204 0 "-" "Mozilla/5.0 (Windows NT 10.0; Win64; x64) AppleWebKit/537.36 (KHTML, like Gecko) Chrome/69.0.3497.100 Safari/537.36"
::1 - - [28/Sep/2018:05:41:27 +0000] "GET /api/departments/list_dept HTTP/1.1" 404 2010 "http://localhost:4200/departments" "Mozilla/5.0 (Windows NT 10.0; Win64; x64) AppleWebKit/537.36 (KHTML, like Gecko) Chrome/69.0.3497.100 Safari/537.36"
::1 - - [28/Sep/2018:05:42:46 +0000] "OPTIONS /api/departments/list_dept HTTP/1.1" 204 0 "-" "Mozilla/5.0 (Windows NT 10.0; Win64; x64) AppleWebKit/537.36 (KHTML, like Gecko) Chrome/69.0.3497.100 Safari/537.36"
::1 - - [28/Sep/2018:05:42:46 +0000] "GET /api/departments/list_dept HTTP/1.1" 404 35 "http://localhost:4200/departments" "Mozilla/5.0 (Windows NT 10.0; Win64; x64) AppleWebKit/537.36 (KHTML, like Gecko) Chrome/69.0.3497.100 Safari/537.36"
::1 - - [28/Sep/2018:05:44:12 +0000] "OPTIONS /api/departments/list_dept HTTP/1.1" 204 0 "-" "Mozilla/5.0 (Windows NT 10.0; Win64; x64) AppleWebKit/537.36 (KHTML, like Gecko) Chrome/69.0.3497.100 Safari/537.36"
::1 - - [28/Sep/2018:05:44:12 +0000] "GET /api/departments/list_dept HTTP/1.1" 404 141 "http://localhost:4200/departments" "Mozilla/5.0 (Windows NT 10.0; Win64; x64) AppleWebKit/537.36 (KHTML, like Gecko) Chrome/69.0.3497.100 Safari/537.36"
::1 - - [28/Sep/2018:05:44:43 +0000] "OPTIONS /api/departments/list_dept HTTP/1.1" 204 0 "-" "Mozilla/5.0 (Windows NT 10.0; Win64; x64) AppleWebKit/537.36 (KHTML, like Gecko) Chrome/69.0.3497.100 Safari/537.36"
::1 - - [28/Sep/2018:05:44:43 +0000] "GET /api/departments/list_dept HTTP/1.1" 404 54 "http://localhost:4200/departments" "Mozilla/5.0 (Windows NT 10.0; Win64; x64) AppleWebKit/537.36 (KHTML, like Gecko) Chrome/69.0.3497.100 Safari/537.36"
::1 - - [28/Sep/2018:05:45:27 +0000] "OPTIONS /api/departments/list_dept HTTP/1.1" 204 0 "-" "Mozilla/5.0 (Windows NT 10.0; Win64; x64) AppleWebKit/537.36 (KHTML, like Gecko) Chrome/69.0.3497.100 Safari/537.36"
::1 - - [28/Sep/2018:05:45:27 +0000] "GET /api/departments/list_dept HTTP/1.1" 404 67 "http://localhost:4200/departments" "Mozilla/5.0 (Windows NT 10.0; Win64; x64) AppleWebKit/537.36 (KHTML, like Gecko) Chrome/69.0.3497.100 Safari/537.36"
::1 - - [28/Sep/2018:05:46:33 +0000] "OPTIONS /api/departments/list_dept HTTP/1.1" 204 0 "-" "Mozilla/5.0 (Windows NT 10.0; Win64; x64) AppleWebKit/537.36 (KHTML, like Gecko) Chrome/69.0.3497.100 Safari/537.36"
::1 - - [28/Sep/2018:05:46:33 +0000] "GET /api/departments/list_dept HTTP/1.1" 404 67 "http://localhost:4200/departments" "Mozilla/5.0 (Windows NT 10.0; Win64; x64) AppleWebKit/537.36 (KHTML, like Gecko) Chrome/69.0.3497.100 Safari/537.36"
::1 - - [28/Sep/2018:05:47:33 +0000] "OPTIONS /api/departments/list_dept HTTP/1.1" 204 0 "-" "Mozilla/5.0 (Windows NT 10.0; Win64; x64) AppleWebKit/537.36 (KHTML, like Gecko) Chrome/69.0.3497.100 Safari/537.36"
::1 - - [28/Sep/2018:05:47:33 +0000] "GET /api/departments/list_dept HTTP/1.1" 500 65 "http://localhost:4200/departments" "Mozilla/5.0 (Windows NT 10.0; Win64; x64) AppleWebKit/537.36 (KHTML, like Gecko) Chrome/69.0.3497.100 Safari/537.36"
::1 - - [28/Sep/2018:05:48:57 +0000] "OPTIONS /api/departments/list_dept HTTP/1.1" 204 0 "-" "Mozilla/5.0 (Windows NT 10.0; Win64; x64) AppleWebKit/537.36 (KHTML, like Gecko) Chrome/69.0.3497.100 Safari/537.36"
::1 - - [28/Sep/2018:05:48:57 +0000] "GET /api/departments/list_dept HTTP/1.1" 404 55 "http://localhost:4200/departments" "Mozilla/5.0 (Windows NT 10.0; Win64; x64) AppleWebKit/537.36 (KHTML, like Gecko) Chrome/69.0.3497.100 Safari/537.36"
::1 - - [28/Sep/2018:05:49:53 +0000] "OPTIONS /api/departments/list_dept HTTP/1.1" 204 0 "-" "Mozilla/5.0 (Windows NT 10.0; Win64; x64) AppleWebKit/537.36 (KHTML, like Gecko) Chrome/69.0.3497.100 Safari/537.36"
::1 - - [28/Sep/2018:05:49:53 +0000] "GET /api/departments/list_dept HTTP/1.1" 404 55 "http://localhost:4200/departments" "Mozilla/5.0 (Windows NT 10.0; Win64; x64) AppleWebKit/537.36 (KHTML, like Gecko) Chrome/69.0.3497.100 Safari/537.36"
::1 - - [28/Sep/2018:05:50:21 +0000] "OPTIONS /api/departments/list_dept HTTP/1.1" 204 0 "-" "Mozilla/5.0 (Windows NT 10.0; Win64; x64) AppleWebKit/537.36 (KHTML, like Gecko) Chrome/69.0.3497.100 Safari/537.36"
::1 - - [28/Sep/2018:05:50:22 +0000] "GET /api/departments/list_dept HTTP/1.1" 500 65 "http://localhost:4200/departments" "Mozilla/5.0 (Windows NT 10.0; Win64; x64) AppleWebKit/537.36 (KHTML, like Gecko) Chrome/69.0.3497.100 Safari/537.36"
::1 - - [28/Sep/2018:05:51:46 +0000] "OPTIONS /api/departments/list_dept HTTP/1.1" 204 0 "-" "Mozilla/5.0 (Windows NT 10.0; Win64; x64) AppleWebKit/537.36 (KHTML, like Gecko) Chrome/69.0.3497.100 Safari/537.36"
::1 - - [28/Sep/2018:05:51:46 +0000] "GET /api/departments/list_dept HTTP/1.1" 404 55 "http://localhost:4200/departments" "Mozilla/5.0 (Windows NT 10.0; Win64; x64) AppleWebKit/537.36 (KHTML, like Gecko) Chrome/69.0.3497.100 Safari/537.36"
::1 - - [28/Sep/2018:05:52:09 +0000] "OPTIONS /api/departments/list_dept HTTP/1.1" 204 0 "-" "Mozilla/5.0 (Windows NT 10.0; Win64; x64) AppleWebKit/537.36 (KHTML, like Gecko) Chrome/69.0.3497.100 Safari/537.36"
::1 - - [28/Sep/2018:05:52:09 +0000] "GET /api/departments/list_dept HTTP/1.1" 404 55 "http://localhost:4200/departments" "Mozilla/5.0 (Windows NT 10.0; Win64; x64) AppleWebKit/537.36 (KHTML, like Gecko) Chrome/69.0.3497.100 Safari/537.36"
::1 - - [28/Sep/2018:05:52:52 +0000] "OPTIONS /api/departments/list_dept HTTP/1.1" 204 0 "-" "Mozilla/5.0 (Windows NT 10.0; Win64; x64) AppleWebKit/537.36 (KHTML, like Gecko) Chrome/69.0.3497.100 Safari/537.36"
::1 - - [28/Sep/2018:05:52:52 +0000] "GET /api/departments/list_dept HTTP/1.1" 500 2 "http://localhost:4200/departments" "Mozilla/5.0 (Windows NT 10.0; Win64; x64) AppleWebKit/537.36 (KHTML, like Gecko) Chrome/69.0.3497.100 Safari/537.36"
::1 - - [12/Oct/2018:05:23:17 +0000] "OPTIONS /api/users/login HTTP/1.1" 204 0 "-" "Mozilla/5.0 (Windows NT 10.0; Win64; x64) AppleWebKit/537.36 (KHTML, like Gecko) Chrome/69.0.3497.100 Safari/537.36"
::1 - - [12/Oct/2018:05:23:18 +0000] "POST /api/users/login HTTP/1.1" 404 14 "http://localhost:4200/login" "Mozilla/5.0 (Windows NT 10.0; Win64; x64) AppleWebKit/537.36 (KHTML, like Gecko) Chrome/69.0.3497.100 Safari/537.36"
::1 - - [12/Oct/2018:05:24:02 +0000] "OPTIONS /api/users/login HTTP/1.1" 204 0 "-" "Mozilla/5.0 (Windows NT 10.0; Win64; x64) AppleWebKit/537.36 (KHTML, like Gecko) Chrome/69.0.3497.100 Safari/537.36"
::1 - - [12/Oct/2018:05:24:02 +0000] "POST /api/users/login HTTP/1.1" 404 14 "http://localhost:4200/login" "Mozilla/5.0 (Windows NT 10.0; Win64; x64) AppleWebKit/537.36 (KHTML, like Gecko) Chrome/69.0.3497.100 Safari/537.36"
::1 - - [12/Oct/2018:05:25:37 +0000] "OPTIONS /api/users/login HTTP/1.1" 204 0 "-" "Mozilla/5.0 (Windows NT 10.0; Win64; x64) AppleWebKit/537.36 (KHTML, like Gecko) Chrome/69.0.3497.100 Safari/537.36"
::1 - - [12/Oct/2018:05:25:37 +0000] "POST /api/users/login HTTP/1.1" 404 14 "http://localhost:4200/login" "Mozilla/5.0 (Windows NT 10.0; Win64; x64) AppleWebKit/537.36 (KHTML, like Gecko) Chrome/69.0.3497.100 Safari/537.36"
::1 - - [12/Oct/2018:05:26:43 +0000] "OPTIONS /api/users/login HTTP/1.1" 204 0 "-" "Mozilla/5.0 (Windows NT 10.0; Win64; x64) AppleWebKit/537.36 (KHTML, like Gecko) Chrome/69.0.3497.100 Safari/537.36"
::1 - - [12/Oct/2018:05:26:43 +0000] "POST /api/users/login HTTP/1.1" 404 53 "http://localhost:4200/login" "Mozilla/5.0 (Windows NT 10.0; Win64; x64) AppleWebKit/537.36 (KHTML, like Gecko) Chrome/69.0.3497.100 Safari/537.36"
::1 - - [12/Oct/2018:05:27:54 +0000] "OPTIONS /api/users/login HTTP/1.1" 204 0 "-" "Mozilla/5.0 (Windows NT 10.0; Win64; x64) AppleWebKit/537.36 (KHTML, like Gecko) Chrome/69.0.3497.100 Safari/537.36"
::1 - - [12/Oct/2018:05:27:54 +0000] "POST /api/users/login HTTP/1.1" 404 53 "http://localhost:4200/login" "Mozilla/5.0 (Windows NT 10.0; Win64; x64) AppleWebKit/537.36 (KHTML, like Gecko) Chrome/69.0.3497.100 Safari/537.36"
::1 - - [12/Oct/2018:05:28:11 +0000] "OPTIONS /api/users/login HTTP/1.1" 204 0 "-" "Mozilla/5.0 (Windows NT 10.0; Win64; x64) AppleWebKit/537.36 (KHTML, like Gecko) Chrome/69.0.3497.100 Safari/537.36"
::1 - - [12/Oct/2018:05:28:11 +0000] "POST /api/users/login HTTP/1.1" 404 53 "http://localhost:4200/login" "Mozilla/5.0 (Windows NT 10.0; Win64; x64) AppleWebKit/537.36 (KHTML, like Gecko) Chrome/69.0.3497.100 Safari/537.36"
::1 - - [12/Oct/2018:05:29:19 +0000] "OPTIONS /api/users/login HTTP/1.1" 204 0 "-" "Mozilla/5.0 (Windows NT 10.0; Win64; x64) AppleWebKit/537.36 (KHTML, like Gecko) Chrome/69.0.3497.100 Safari/537.36"
::1 - - [12/Oct/2018:05:29:19 +0000] "POST /api/users/login HTTP/1.1" 404 53 "http://localhost:4200/login" "Mozilla/5.0 (Windows NT 10.0; Win64; x64) AppleWebKit/537.36 (KHTML, like Gecko) Chrome/69.0.3497.100 Safari/537.36"
::1 - - [12/Oct/2018:05:29:49 +0000] "OPTIONS /api/users/login HTTP/1.1" 204 0 "-" "Mozilla/5.0 (Windows NT 10.0; Win64; x64) AppleWebKit/537.36 (KHTML, like Gecko) Chrome/69.0.3497.100 Safari/537.36"
::1 - - [12/Oct/2018:05:29:49 +0000] "POST /api/users/login HTTP/1.1" 404 53 "http://localhost:4200/login" "Mozilla/5.0 (Windows NT 10.0; Win64; x64) AppleWebKit/537.36 (KHTML, like Gecko) Chrome/69.0.3497.100 Safari/537.36"
::1 - - [12/Oct/2018:05:30:23 +0000] "OPTIONS /api/users/login HTTP/1.1" 204 0 "-" "Mozilla/5.0 (Windows NT 10.0; Win64; x64) AppleWebKit/537.36 (KHTML, like Gecko) Chrome/69.0.3497.100 Safari/537.36"
::1 - - [12/Oct/2018:05:30:23 +0000] "POST /api/users/login HTTP/1.1" 404 53 "http://localhost:4200/login" "Mozilla/5.0 (Windows NT 10.0; Win64; x64) AppleWebKit/537.36 (KHTML, like Gecko) Chrome/69.0.3497.100 Safari/537.36"
::1 - - [12/Oct/2018:05:31:20 +0000] "OPTIONS /api/users/login HTTP/1.1" 204 0 "-" "Mozilla/5.0 (Windows NT 10.0; Win64; x64) AppleWebKit/537.36 (KHTML, like Gecko) Chrome/69.0.3497.100 Safari/537.36"
::1 - - [12/Oct/2018:05:31:20 +0000] "POST /api/users/login HTTP/1.1" 404 53 "http://localhost:4200/login" "Mozilla/5.0 (Windows NT 10.0; Win64; x64) AppleWebKit/537.36 (KHTML, like Gecko) Chrome/69.0.3497.100 Safari/537.36"
::1 - - [12/Oct/2018:05:34:54 +0000] "OPTIONS /api/users/login HTTP/1.1" 204 0 "-" "Mozilla/5.0 (Windows NT 10.0; Win64; x64) AppleWebKit/537.36 (KHTML, like Gecko) Chrome/69.0.3497.100 Safari/537.36"
::1 - - [12/Oct/2018:05:34:54 +0000] "POST /api/users/login HTTP/1.1" 404 53 "http://localhost:4200/login" "Mozilla/5.0 (Windows NT 10.0; Win64; x64) AppleWebKit/537.36 (KHTML, like Gecko) Chrome/69.0.3497.100 Safari/537.36"
::1 - - [12/Oct/2018:05:37:50 +0000] "OPTIONS /api/users/login HTTP/1.1" 204 0 "-" "Mozilla/5.0 (Windows NT 10.0; Win64; x64) AppleWebKit/537.36 (KHTML, like Gecko) Chrome/69.0.3497.100 Safari/537.36"
::1 - - [12/Oct/2018:05:37:50 +0000] "POST /api/users/login HTTP/1.1" 404 53 "http://localhost:4200/login" "Mozilla/5.0 (Windows NT 10.0; Win64; x64) AppleWebKit/537.36 (KHTML, like Gecko) Chrome/69.0.3497.100 Safari/537.36"
::1 - - [12/Oct/2018:05:38:33 +0000] "OPTIONS /api/users/login HTTP/1.1" 204 0 "-" "Mozilla/5.0 (Windows NT 10.0; Win64; x64) AppleWebKit/537.36 (KHTML, like Gecko) Chrome/69.0.3497.100 Safari/537.36"
::1 - - [12/Oct/2018:05:38:33 +0000] "POST /api/users/login HTTP/1.1" 404 53 "http://localhost:4200/login" "Mozilla/5.0 (Windows NT 10.0; Win64; x64) AppleWebKit/537.36 (KHTML, like Gecko) Chrome/69.0.3497.100 Safari/537.36"
::1 - - [12/Oct/2018:05:40:10 +0000] "OPTIONS /api/users/login HTTP/1.1" 204 0 "-" "Mozilla/5.0 (Windows NT 10.0; Win64; x64) AppleWebKit/537.36 (KHTML, like Gecko) Chrome/69.0.3497.100 Safari/537.36"
::1 - - [12/Oct/2018:05:40:10 +0000] "POST /api/users/login HTTP/1.1" 404 53 "http://localhost:4200/login" "Mozilla/5.0 (Windows NT 10.0; Win64; x64) AppleWebKit/537.36 (KHTML, like Gecko) Chrome/69.0.3497.100 Safari/537.36"
::1 - - [12/Oct/2018:05:40:29 +0000] "OPTIONS /api/users/login HTTP/1.1" 204 0 "-" "Mozilla/5.0 (Windows NT 10.0; Win64; x64) AppleWebKit/537.36 (KHTML, like Gecko) Chrome/69.0.3497.100 Safari/537.36"
::1 - - [12/Oct/2018:05:40:29 +0000] "POST /api/users/login HTTP/1.1" 404 53 "http://localhost:4200/login" "Mozilla/5.0 (Windows NT 10.0; Win64; x64) AppleWebKit/537.36 (KHTML, like Gecko) Chrome/69.0.3497.100 Safari/537.36"
::1 - - [12/Oct/2018:05:42:04 +0000] "OPTIONS /api/users/login HTTP/1.1" 204 0 "-" "Mozilla/5.0 (Windows NT 10.0; Win64; x64) AppleWebKit/537.36 (KHTML, like Gecko) Chrome/69.0.3497.100 Safari/537.36"
::1 - - [12/Oct/2018:05:42:04 +0000] "GET /api/users/login HTTP/1.1" 404 53 "http://localhost:4200/login" "Mozilla/5.0 (Windows NT 10.0; Win64; x64) AppleWebKit/537.36 (KHTML, like Gecko) Chrome/69.0.3497.100 Safari/537.36"
::1 - - [12/Oct/2018:05:43:42 +0000] "OPTIONS /api/users/login HTTP/1.1" 204 0 "-" "Mozilla/5.0 (Windows NT 10.0; Win64; x64) AppleWebKit/537.36 (KHTML, like Gecko) Chrome/69.0.3497.100 Safari/537.36"
::1 - - [12/Oct/2018:05:43:42 +0000] "POST /api/users/login HTTP/1.1" 404 53 "http://localhost:4200/login" "Mozilla/5.0 (Windows NT 10.0; Win64; x64) AppleWebKit/537.36 (KHTML, like Gecko) Chrome/69.0.3497.100 Safari/537.36"
::1 - - [12/Oct/2018:05:44:50 +0000] "POST /api/users/login HTTP/1.1" 404 53 "-" "Mozilla/5.0 (Windows NT 10.0; Win64; x64) AppleWebKit/537.36 (KHTML, like Gecko) Chrome/69.0.3497.100 Safari/537.36"
::1 - - [12/Oct/2018:05:48:54 +0000] "OPTIONS /api/users/login HTTP/1.1" 204 0 "-" "Mozilla/5.0 (Windows NT 10.0; Win64; x64) AppleWebKit/537.36 (KHTML, like Gecko) Chrome/69.0.3497.100 Safari/537.36"
::1 - - [12/Oct/2018:05:48:54 +0000] "POST /api/users/login HTTP/1.1" 404 53 "http://localhost:4200/login" "Mozilla/5.0 (Windows NT 10.0; Win64; x64) AppleWebKit/537.36 (KHTML, like Gecko) Chrome/69.0.3497.100 Safari/537.36"
::1 - - [12/Oct/2018:05:59:40 +0000] "OPTIONS /api/departments/get_dept_id HTTP/1.1" 204 0 "-" "Mozilla/5.0 (Windows NT 10.0; Win64; x64) AppleWebKit/537.36 (KHTML, like Gecko) Chrome/69.0.3497.100 Safari/537.36"
::1 - - [12/Oct/2018:05:59:42 +0000] "GET /api/departments/get_dept_id HTTP/1.1" 404 65 "http://localhost:4200/departments/add" "Mozilla/5.0 (Windows NT 10.0; Win64; x64) AppleWebKit/537.36 (KHTML, like Gecko) Chrome/69.0.3497.100 Safari/537.36"
::1 - - [12/Oct/2018:06:00:22 +0000] "OPTIONS /api/departments/get_dept_id HTTP/1.1" 204 0 "-" "Mozilla/5.0 (Windows NT 10.0; Win64; x64) AppleWebKit/537.36 (KHTML, like Gecko) Chrome/69.0.3497.100 Safari/537.36"
::1 - - [12/Oct/2018:06:00:22 +0000] "GET /api/departments/get_dept_id HTTP/1.1" 404 65 "http://localhost:4200/departments/add" "Mozilla/5.0 (Windows NT 10.0; Win64; x64) AppleWebKit/537.36 (KHTML, like Gecko) Chrome/69.0.3497.100 Safari/537.36"
::1 - - [12/Oct/2018:06:01:09 +0000] "OPTIONS /api/departments/get_dept_id HTTP/1.1" 204 0 "-" "Mozilla/5.0 (Windows NT 10.0; Win64; x64) AppleWebKit/537.36 (KHTML, like Gecko) Chrome/69.0.3497.100 Safari/537.36"
::1 - - [12/Oct/2018:06:01:09 +0000] "GET /api/departments/get_dept_id HTTP/1.1" 404 65 "http://localhost:4200/departments/add" "Mozilla/5.0 (Windows NT 10.0; Win64; x64) AppleWebKit/537.36 (KHTML, like Gecko) Chrome/69.0.3497.100 Safari/537.36"
::1 - - [12/Oct/2018:06:03:23 +0000] "OPTIONS /api/departments/get_dept_id HTTP/1.1" 204 0 "-" "Mozilla/5.0 (Windows NT 10.0; Win64; x64) AppleWebKit/537.36 (KHTML, like Gecko) Chrome/69.0.3497.100 Safari/537.36"
::1 - - [12/Oct/2018:06:03:24 +0000] "GET /api/departments/get_dept_id HTTP/1.1" 404 65 "http://localhost:4200/departments/add" "Mozilla/5.0 (Windows NT 10.0; Win64; x64) AppleWebKit/537.36 (KHTML, like Gecko) Chrome/69.0.3497.100 Safari/537.36"
::1 - - [12/Oct/2018:06:04:12 +0000] "OPTIONS /api/departments/get_dept_id HTTP/1.1" 204 0 "-" "Mozilla/5.0 (Windows NT 10.0; Win64; x64) AppleWebKit/537.36 (KHTML, like Gecko) Chrome/69.0.3497.100 Safari/537.36"
::1 - - [12/Oct/2018:06:04:12 +0000] "GET /api/departments/get_dept_id HTTP/1.1" 404 65 "http://localhost:4200/departments/add" "Mozilla/5.0 (Windows NT 10.0; Win64; x64) AppleWebKit/537.36 (KHTML, like Gecko) Chrome/69.0.3497.100 Safari/537.36"
::1 - - [12/Oct/2018:06:04:55 +0000] "OPTIONS /api/departments/get_dept_id HTTP/1.1" 204 0 "-" "Mozilla/5.0 (Windows NT 10.0; Win64; x64) AppleWebKit/537.36 (KHTML, like Gecko) Chrome/69.0.3497.100 Safari/537.36"
::1 - - [12/Oct/2018:06:04:55 +0000] "GET /api/departments/get_dept_id HTTP/1.1" 404 65 "http://localhost:4200/departments/add" "Mozilla/5.0 (Windows NT 10.0; Win64; x64) AppleWebKit/537.36 (KHTML, like Gecko) Chrome/69.0.3497.100 Safari/537.36"
::1 - - [12/Oct/2018:06:07:11 +0000] "OPTIONS /api/departments/get_dept_id HTTP/1.1" 204 0 "-" "Mozilla/5.0 (Windows NT 10.0; Win64; x64) AppleWebKit/537.36 (KHTML, like Gecko) Chrome/69.0.3497.100 Safari/537.36"
::1 - - [12/Oct/2018:06:07:11 +0000] "GET /api/departments/get_dept_id HTTP/1.1" 404 65 "http://localhost:4200/departments/add" "Mozilla/5.0 (Windows NT 10.0; Win64; x64) AppleWebKit/537.36 (KHTML, like Gecko) Chrome/69.0.3497.100 Safari/537.36"
::1 - - [12/Oct/2018:06:15:01 +0000] "OPTIONS /api/departments/get_dept_id HTTP/1.1" 204 0 "-" "Mozilla/5.0 (Windows NT 10.0; Win64; x64) AppleWebKit/537.36 (KHTML, like Gecko) Chrome/69.0.3497.100 Safari/537.36"
::1 - - [12/Oct/2018:06:15:01 +0000] "GET /api/departments/get_dept_id HTTP/1.1" 404 65 "http://localhost:4200/departments/add" "Mozilla/5.0 (Windows NT 10.0; Win64; x64) AppleWebKit/537.36 (KHTML, like Gecko) Chrome/69.0.3497.100 Safari/537.36"
::1 - - [12/Oct/2018:06:15:19 +0000] "OPTIONS /api/departments/get_dept_id HTTP/1.1" 204 0 "-" "Mozilla/5.0 (Windows NT 10.0; Win64; x64) AppleWebKit/537.36 (KHTML, like Gecko) Chrome/69.0.3497.100 Safari/537.36"
::1 - - [12/Oct/2018:06:15:19 +0000] "GET /api/departments/get_dept_id HTTP/1.1" 404 65 "http://localhost:4200/departments/add" "Mozilla/5.0 (Windows NT 10.0; Win64; x64) AppleWebKit/537.36 (KHTML, like Gecko) Chrome/69.0.3497.100 Safari/537.36"
::1 - - [12/Oct/2018:06:19:58 +0000] "POST /api/users/login HTTP/1.1" 404 53 "-" "Mozilla/5.0 (Windows NT 10.0; Win64; x64) AppleWebKit/537.36 (KHTML, like Gecko) Chrome/69.0.3497.100 Safari/537.36"
::1 - - [12/Oct/2018:06:20:23 +0000] "GET /api/departments/get_dept_id HTTP/1.1" 404 65 "-" "Mozilla/5.0 (Windows NT 10.0; Win64; x64) AppleWebKit/537.36 (KHTML, like Gecko) Chrome/69.0.3497.100 Safari/537.36"
::1 - - [12/Oct/2018:06:22:09 +0000] "OPTIONS /api/departments/get_dept_id HTTP/1.1" 204 0 "-" "Mozilla/5.0 (Windows NT 10.0; Win64; x64) AppleWebKit/537.36 (KHTML, like Gecko) Chrome/69.0.3497.100 Safari/537.36"
::1 - - [12/Oct/2018:06:22:10 +0000] "GET /api/departments/get_dept_id HTTP/1.1" 404 14 "http://localhost:4200/departments/add" "Mozilla/5.0 (Windows NT 10.0; Win64; x64) AppleWebKit/537.36 (KHTML, like Gecko) Chrome/69.0.3497.100 Safari/537.36"
::1 - - [12/Oct/2018:06:22:47 +0000] "OPTIONS /api/departments/get_dept_id HTTP/1.1" 204 0 "-" "Mozilla/5.0 (Windows NT 10.0; Win64; x64) AppleWebKit/537.36 (KHTML, like Gecko) Chrome/69.0.3497.100 Safari/537.36"
::1 - - [12/Oct/2018:06:22:48 +0000] "GET /api/departments/get_dept_id HTTP/1.1" 200 26 "http://localhost:4200/departments/add" "Mozilla/5.0 (Windows NT 10.0; Win64; x64) AppleWebKit/537.36 (KHTML, like Gecko) Chrome/69.0.3497.100 Safari/537.36"
::1 - - [12/Oct/2018:06:23:25 +0000] "OPTIONS /api/departments/get_dept_id HTTP/1.1" 204 0 "-" "Mozilla/5.0 (Windows NT 10.0; Win64; x64) AppleWebKit/537.36 (KHTML, like Gecko) Chrome/69.0.3497.100 Safari/537.36"
::1 - - [12/Oct/2018:06:23:25 +0000] "GET /api/departments/get_dept_id HTTP/1.1" 200 26 "http://localhost:4200/departments/add" "Mozilla/5.0 (Windows NT 10.0; Win64; x64) AppleWebKit/537.36 (KHTML, like Gecko) Chrome/69.0.3497.100 Safari/537.36"
::1 - - [12/Oct/2018:06:23:38 +0000] "OPTIONS /api/departments/get_dept_id HTTP/1.1" 204 0 "-" "Mozilla/5.0 (Windows NT 10.0; Win64; x64) AppleWebKit/537.36 (KHTML, like Gecko) Chrome/69.0.3497.100 Safari/537.36"
::1 - - [12/Oct/2018:06:23:38 +0000] "GET /api/departments/get_dept_id HTTP/1.1" 404 166 "http://localhost:4200/departments/add" "Mozilla/5.0 (Windows NT 10.0; Win64; x64) AppleWebKit/537.36 (KHTML, like Gecko) Chrome/69.0.3497.100 Safari/537.36"
::1 - - [12/Oct/2018:06:24:04 +0000] "OPTIONS /api/departments/get_dept_id HTTP/1.1" 204 0 "-" "Mozilla/5.0 (Windows NT 10.0; Win64; x64) AppleWebKit/537.36 (KHTML, like Gecko) Chrome/69.0.3497.100 Safari/537.36"
::1 - - [12/Oct/2018:06:24:04 +0000] "GET /api/departments/get_dept_id HTTP/1.1" 404 166 "http://localhost:4200/departments/add" "Mozilla/5.0 (Windows NT 10.0; Win64; x64) AppleWebKit/537.36 (KHTML, like Gecko) Chrome/69.0.3497.100 Safari/537.36"
::1 - - [12/Oct/2018:06:26:31 +0000] "OPTIONS /api/departments/get_dept_id HTTP/1.1" 204 0 "-" "Mozilla/5.0 (Windows NT 10.0; Win64; x64) AppleWebKit/537.36 (KHTML, like Gecko) Chrome/69.0.3497.100 Safari/537.36"
::1 - - [12/Oct/2018:06:26:31 +0000] "GET /api/departments/get_dept_id HTTP/1.1" 404 7 "http://localhost:4200/departments/add" "Mozilla/5.0 (Windows NT 10.0; Win64; x64) AppleWebKit/537.36 (KHTML, like Gecko) Chrome/69.0.3497.100 Safari/537.36"
::1 - - [12/Oct/2018:06:27:30 +0000] "OPTIONS /api/departments/get_dept_id HTTP/1.1" 204 0 "-" "Mozilla/5.0 (Windows NT 10.0; Win64; x64) AppleWebKit/537.36 (KHTML, like Gecko) Chrome/69.0.3497.100 Safari/537.36"
::1 - - [12/Oct/2018:06:27:30 +0000] "GET /api/departments/get_dept_id HTTP/1.1" 500 2027 "http://localhost:4200/departments/add" "Mozilla/5.0 (Windows NT 10.0; Win64; x64) AppleWebKit/537.36 (KHTML, like Gecko) Chrome/69.0.3497.100 Safari/537.36"
::1 - - [12/Oct/2018:06:27:53 +0000] "OPTIONS /api/departments/get_dept_id HTTP/1.1" 204 0 "-" "Mozilla/5.0 (Windows NT 10.0; Win64; x64) AppleWebKit/537.36 (KHTML, like Gecko) Chrome/69.0.3497.100 Safari/537.36"
::1 - - [12/Oct/2018:06:27:53 +0000] "GET /api/departments/get_dept_id HTTP/1.1" 500 2025 "http://localhost:4200/departments/add" "Mozilla/5.0 (Windows NT 10.0; Win64; x64) AppleWebKit/537.36 (KHTML, like Gecko) Chrome/69.0.3497.100 Safari/537.36"
::1 - - [12/Oct/2018:06:30:24 +0000] "OPTIONS /api/departments/get_dept_id HTTP/1.1" 204 0 "-" "Mozilla/5.0 (Windows NT 10.0; Win64; x64) AppleWebKit/537.36 (KHTML, like Gecko) Chrome/69.0.3497.100 Safari/537.36"
::1 - - [12/Oct/2018:06:30:25 +0000] "GET /api/departments/get_dept_id HTTP/1.1" 404 166 "http://localhost:4200/departments/add" "Mozilla/5.0 (Windows NT 10.0; Win64; x64) AppleWebKit/537.36 (KHTML, like Gecko) Chrome/69.0.3497.100 Safari/537.36"
::1 - - [12/Oct/2018:06:31:23 +0000] "OPTIONS /api/departments/get_dept_id HTTP/1.1" 204 0 "-" "Mozilla/5.0 (Windows NT 10.0; Win64; x64) AppleWebKit/537.36 (KHTML, like Gecko) Chrome/69.0.3497.100 Safari/537.36"
::1 - - [12/Oct/2018:06:31:23 +0000] "GET /api/departments/get_dept_id HTTP/1.1" 404 166 "http://localhost:4200/departments/add" "Mozilla/5.0 (Windows NT 10.0; Win64; x64) AppleWebKit/537.36 (KHTML, like Gecko) Chrome/69.0.3497.100 Safari/537.36"
::1 - - [12/Oct/2018:06:32:10 +0000] "OPTIONS /api/departments/get_dept_id HTTP/1.1" 204 0 "-" "Mozilla/5.0 (Windows NT 10.0; Win64; x64) AppleWebKit/537.36 (KHTML, like Gecko) Chrome/69.0.3497.100 Safari/537.36"
::1 - - [12/Oct/2018:06:32:10 +0000] "GET /api/departments/get_dept_id HTTP/1.1" 404 166 "http://localhost:4200/departments/add" "Mozilla/5.0 (Windows NT 10.0; Win64; x64) AppleWebKit/537.36 (KHTML, like Gecko) Chrome/69.0.3497.100 Safari/537.36"
::1 - - [12/Oct/2018:06:34:54 +0000] "OPTIONS /api/departments/get_dept_id HTTP/1.1" 204 0 "-" "Mozilla/5.0 (Windows NT 10.0; Win64; x64) AppleWebKit/537.36 (KHTML, like Gecko) Chrome/69.0.3497.100 Safari/537.36"
::1 - - [12/Oct/2018:06:34:54 +0000] "GET /api/departments/get_dept_id HTTP/1.1" 404 65 "http://localhost:4200/departments/add" "Mozilla/5.0 (Windows NT 10.0; Win64; x64) AppleWebKit/537.36 (KHTML, like Gecko) Chrome/69.0.3497.100 Safari/537.36"
::1 - - [12/Oct/2018:06:35:08 +0000] "OPTIONS /api/departments/get_dept_id HTTP/1.1" 204 0 "-" "Mozilla/5.0 (Windows NT 10.0; Win64; x64) AppleWebKit/537.36 (KHTML, like Gecko) Chrome/69.0.3497.100 Safari/537.36"
::1 - - [12/Oct/2018:06:35:09 +0000] "GET /api/departments/get_dept_id HTTP/1.1" 200 26 "http://localhost:4200/departments/add" "Mozilla/5.0 (Windows NT 10.0; Win64; x64) AppleWebKit/537.36 (KHTML, like Gecko) Chrome/69.0.3497.100 Safari/537.36"
::1 - - [12/Oct/2018:06:35:38 +0000] "OPTIONS /api/users/login HTTP/1.1" 204 0 "-" "Mozilla/5.0 (Windows NT 10.0; Win64; x64) AppleWebKit/537.36 (KHTML, like Gecko) Chrome/69.0.3497.100 Safari/537.36"
::1 - - [12/Oct/2018:06:36:03 +0000] "POST /api/users/login HTTP/1.1" 422 50 "http://localhost:4200/login" "Mozilla/5.0 (Windows NT 10.0; Win64; x64) AppleWebKit/537.36 (KHTML, like Gecko) Chrome/69.0.3497.100 Safari/537.36"
::1 - - [12/Oct/2018:06:36:14 +0000] "OPTIONS /api/users/login HTTP/1.1" 204 0 "-" "Mozilla/5.0 (Windows NT 10.0; Win64; x64) AppleWebKit/537.36 (KHTML, like Gecko) Chrome/69.0.3497.100 Safari/537.36"
::1 - - [12/Oct/2018:06:36:14 +0000] "POST /api/users/login HTTP/1.1" 422 50 "http://localhost:4200/login" "Mozilla/5.0 (Windows NT 10.0; Win64; x64) AppleWebKit/537.36 (KHTML, like Gecko) Chrome/69.0.3497.100 Safari/537.36"
::1 - - [12/Oct/2018:06:36:43 +0000] "OPTIONS /api/users/login HTTP/1.1" 204 0 "-" "Mozilla/5.0 (Windows NT 10.0; Win64; x64) AppleWebKit/537.36 (KHTML, like Gecko) Chrome/69.0.3497.100 Safari/537.36"
::1 - - [12/Oct/2018:06:36:43 +0000] "POST /api/users/login HTTP/1.1" 422 50 "http://localhost:4200/login" "Mozilla/5.0 (Windows NT 10.0; Win64; x64) AppleWebKit/537.36 (KHTML, like Gecko) Chrome/69.0.3497.100 Safari/537.36"
::1 - - [12/Oct/2018:06:37:19 +0000] "OPTIONS /api/users/login HTTP/1.1" 204 0 "-" "Mozilla/5.0 (Windows NT 10.0; Win64; x64) AppleWebKit/537.36 (KHTML, like Gecko) Chrome/69.0.3497.100 Safari/537.36"
::1 - - [12/Oct/2018:06:37:19 +0000] "POST /api/users/login HTTP/1.1" 422 50 "http://localhost:4200/login" "Mozilla/5.0 (Windows NT 10.0; Win64; x64) AppleWebKit/537.36 (KHTML, like Gecko) Chrome/69.0.3497.100 Safari/537.36"
::1 - - [12/Oct/2018:06:37:59 +0000] "OPTIONS /api/users/login HTTP/1.1" 204 0 "-" "Mozilla/5.0 (Windows NT 10.0; Win64; x64) AppleWebKit/537.36 (KHTML, like Gecko) Chrome/69.0.3497.100 Safari/537.36"
::1 - - [12/Oct/2018:06:37:59 +0000] "POST /api/users/login HTTP/1.1" 422 39 "http://localhost:4200/login" "Mozilla/5.0 (Windows NT 10.0; Win64; x64) AppleWebKit/537.36 (KHTML, like Gecko) Chrome/69.0.3497.100 Safari/537.36"
::1 - - [12/Oct/2018:06:38:18 +0000] "OPTIONS /api/users/login HTTP/1.1" 204 0 "-" "Mozilla/5.0 (Windows NT 10.0; Win64; x64) AppleWebKit/537.36 (KHTML, like Gecko) Chrome/69.0.3497.100 Safari/537.36"
::1 - - [12/Oct/2018:06:38:18 +0000] "POST /api/users/login HTTP/1.1" 422 34 "http://localhost:4200/login" "Mozilla/5.0 (Windows NT 10.0; Win64; x64) AppleWebKit/537.36 (KHTML, like Gecko) Chrome/69.0.3497.100 Safari/537.36"
::1 - - [12/Oct/2018:06:39:24 +0000] "OPTIONS /api/users/login HTTP/1.1" 204 0 "-" "Mozilla/5.0 (Windows NT 10.0; Win64; x64) AppleWebKit/537.36 (KHTML, like Gecko) Chrome/69.0.3497.100 Safari/537.36"
::1 - - [12/Oct/2018:06:40:28 +0000] "OPTIONS /api/users/login HTTP/1.1" 204 0 "-" "Mozilla/5.0 (Windows NT 10.0; Win64; x64) AppleWebKit/537.36 (KHTML, like Gecko) Chrome/69.0.3497.100 Safari/537.36"
::1 - - [12/Oct/2018:06:40:28 +0000] "POST /api/users/login HTTP/1.1" 500 35 "http://localhost:4200/login" "Mozilla/5.0 (Windows NT 10.0; Win64; x64) AppleWebKit/537.36 (KHTML, like Gecko) Chrome/69.0.3497.100 Safari/537.36"
::1 - - [06/Mar/2019:12:07:07 +0000] "OPTIONS /api/departments/get_dept_id HTTP/1.1" 204 0 "http://localhost:4200/departments/add" "Mozilla/5.0 (Windows NT 10.0; Win64; x64) AppleWebKit/537.36 (KHTML, like Gecko) Chrome/72.0.3626.119 Safari/537.36"
::1 - - [06/Mar/2019:12:07:07 +0000] "GET /api/departments/get_dept_id HTTP/1.1" 200 26 "http://localhost:4200/departments/add" "Mozilla/5.0 (Windows NT 10.0; Win64; x64) AppleWebKit/537.36 (KHTML, like Gecko) Chrome/72.0.3626.119 Safari/537.36"
::1 - - [06/Mar/2019:12:07:11 +0000] "OPTIONS /api/departments/list_dept HTTP/1.1" 204 0 "http://localhost:4200/departments" "Mozilla/5.0 (Windows NT 10.0; Win64; x64) AppleWebKit/537.36 (KHTML, like Gecko) Chrome/72.0.3626.119 Safari/537.36"
::1 - - [06/Mar/2019:12:07:11 +0000] "GET /api/departments/list_dept HTTP/1.1" 404 63 "http://localhost:4200/departments" "Mozilla/5.0 (Windows NT 10.0; Win64; x64) AppleWebKit/537.36 (KHTML, like Gecko) Chrome/72.0.3626.119 Safari/537.36"
::1 - - [06/Mar/2019:12:07:19 +0000] "OPTIONS /api/grades/get_grade_id HTTP/1.1" 204 0 "http://localhost:4200/grades/add" "Mozilla/5.0 (Windows NT 10.0; Win64; x64) AppleWebKit/537.36 (KHTML, like Gecko) Chrome/72.0.3626.119 Safari/537.36"
::1 - - [06/Mar/2019:12:07:19 +0000] "GET /api/grades/get_grade_id HTTP/1.1" 200 21 "http://localhost:4200/grades/add" "Mozilla/5.0 (Windows NT 10.0; Win64; x64) AppleWebKit/537.36 (KHTML, like Gecko) Chrome/72.0.3626.119 Safari/537.36"
